<?xml version="1.0" encoding="UTF-8"?>
<!-- Generated by org.testng.reporters.JUnitXMLReporter -->
<testsuite hostname="PABLOF" ignored="2" name="Test" tests="4" failures="2" timestamp="2020-08-14T11:55:54 UYT" time="37.932" errors="0">
  <testcase name="wrongCredentials" time="16.182" classname="Tests.LoginTest"/>
  <testcase name="noPassword" time="17.261" classname="Tests.LoginTest"/>
  <testcase name="wrongFormulaText" time="37.099" classname="Tests.ValidationRuleTest">
    <failure type="java.lang.IllegalArgumentException" message="Keys to send should be a not null CharSequence">
      <![CDATA[java.lang.IllegalArgumentException: Keys to send should be a not null CharSequence
at org.openqa.selenium.remote.RemoteWebElement.sendKeys(RemoteWebElement.java:100)
at org.openqa.selenium.support.pagefactory.internal.LocatingElementHandler.invoke(LocatingElementHandler.java:52)
at com.sun.proxy.$Proxy13.sendKeys(Unknown Source)
at domain.ObjectManager.Capabilities.ValidationRule.validationRuleConstruction(ValidationRule.java:24)
at Tests.ValidationRuleTest.wrongFormulaText(ValidationRuleTest.java:76)
at java.util.concurrent.ThreadPoolExecutor.runWorker(Unknown Source)
at java.util.concurrent.ThreadPoolExecutor$Worker.run(Unknown Source)
at java.lang.Thread.run(Unknown Source)
... Removed 16 stack frames]]>
    </failure>
  </testcase> <!-- wrongFormulaText -->
  <testcase name="noRequiredField" time="37.871" classname="Tests.ValidationRuleTest">
    <failure type="java.lang.IllegalArgumentException" message="Keys to send should be a not null CharSequence">
      <![CDATA[java.lang.IllegalArgumentException: Keys to send should be a not null CharSequence
at org.openqa.selenium.remote.RemoteWebElement.sendKeys(RemoteWebElement.java:100)
at org.openqa.selenium.support.pagefactory.internal.LocatingElementHandler.invoke(LocatingElementHandler.java:52)
at com.sun.proxy.$Proxy13.sendKeys(Unknown Source)
at domain.ObjectManager.Capabilities.ValidationRule.validationRuleConstruction(ValidationRule.java:24)
at Tests.ValidationRuleTest.noRequiredField(ValidationRuleTest.java:54)
at java.util.concurrent.ThreadPoolExecutor.runWorker(Unknown Source)
at java.util.concurrent.ThreadPoolExecutor$Worker.run(Unknown Source)
at java.lang.Thread.run(Unknown Source)
... Removed 16 stack frames]]>
    </failure>
  </testcase> <!-- noRequiredField -->
  <testcase name="correctFilledFields" time="0.0" classname="Tests.ValidationRuleTest">
    <ignored/>
  </testcase> <!-- correctFilledFields -->
  <testcase name="correctCredentials" time="0.0" classname="Tests.LoginTest">
    <ignored/>
  </testcase> <!-- correctCredentials -->
</testsuite> <!-- Test -->
